<?xml version="1.0" encoding="UTF-8"?>
<robot generator="Robot 6.0.2 (Python 3.11.1 on win32)" generated="20230113 13:38:29.589" rpa="false" schemaversion="3">
<suite id="s1" name="Organo Tests" source="C:\Users\Caroline\Desktop\curso-robot\organo\webtesting\organo_tests.robot">
<test id="s1-t1" name="Caso de Teste 01 - Acesso ao formulário" line="9">
<kw name="Abrir o navegador" library="organo_resources" type="SETUP">
<kw name="Open Browser" library="SeleniumLibrary">
<arg>browser=chrome</arg>
<doc>Opens a new browser instance to the optional ``url``.</doc>
<msg timestamp="20230113 13:38:29.772" level="INFO">Opening browser 'chrome' to base url 'None'.</msg>
<status status="PASS" starttime="20230113 13:38:29.772" endtime="20230113 13:38:31.544"/>
</kw>
<kw name="Maximize Browser Window" library="SeleniumLibrary">
<doc>Maximizes current browser window.</doc>
<status status="PASS" starttime="20230113 13:38:31.544" endtime="20230113 13:38:31.668"/>
</kw>
<status status="PASS" starttime="20230113 13:38:29.772" endtime="20230113 13:38:31.668"/>
</kw>
<kw name="Acessar a página do site Organo" library="organo_resources">
<kw name="Go To" library="SeleniumLibrary">
<arg>url=${URL}</arg>
<doc>Navigates the current browser window to the provided ``url``.</doc>
<msg timestamp="20230113 13:38:31.670" level="INFO">Opening url 'https://organo-dun.vercel.app/'</msg>
<status status="PASS" starttime="20230113 13:38:31.669" endtime="20230113 13:38:32.002"/>
</kw>
<kw name="Wait Until Element Is Visible" library="SeleniumLibrary">
<arg>locator=${FORM}</arg>
<doc>Waits until the element ``locator`` is visible.</doc>
<status status="PASS" starttime="20230113 13:38:32.002" endtime="20230113 13:38:32.046"/>
</kw>
<status status="PASS" starttime="20230113 13:38:31.669" endtime="20230113 13:38:32.047"/>
</kw>
<doc>Esse teste verifica</doc>
<status status="PASS" starttime="20230113 13:38:29.772" endtime="20230113 13:38:32.047"/>
</test>
<doc>Essa suíte testa o site</doc>
<status status="PASS" starttime="20230113 13:38:29.589" endtime="20230113 13:38:32.050"/>
</suite>
<statistics>
<total>
<stat pass="1" fail="0" skip="0">All Tests</stat>
</total>
<tag>
</tag>
<suite>
<stat pass="1" fail="0" skip="0" id="s1" name="Organo Tests">Organo Tests</stat>
</suite>
</statistics>
<errors>
</errors>
</robot>
